<?xml version="1.0" encoding="UTF-8"?>
<!-- Generated by org.testng.reporters.JUnitXMLReporter -->
<testsuite ignored="0" hostname="AKA" failures="0" tests="2" name="Swag Labs Cart Info Page Test chrome" time="11.236" errors="0" timestamp="2023-12-12T20:01:58 CST">
  <testcase classname="com.qa.example.tests.CustomerInfoPageTests" name="selectProduct" time="1.761"/>
  <testcase classname="com.qa.example.tests.CustomerInfoPageTests" name="ZenterCustomerInfoTest" time="3.58"/>
</testsuite> <!-- Swag Labs Cart Info Page Test chrome -->
