<?xml version="1.0" encoding="UTF-8"?>
<!-- Generated by org.testng.reporters.JUnitXMLReporter -->
<testsuite ignored="0" hostname="AKA" failures="0" tests="2" name="Swag Labs Cart Page Test chrome" time="13.352" errors="0" timestamp="2023-12-12T23:40:32 CST">
  <testcase classname="com.qa.example.tests.CustomerInfoPageTests" name="selectProduct" time="1.715"/>
  <testcase classname="com.qa.example.tests.CustomerInfoPageTests" name="ZenterCustomerInfoTest" time="3.595"/>
</testsuite> <!-- Swag Labs Cart Page Test chrome -->
