<?xml version="1.0" encoding="UTF-8"?>
<!-- Generated by org.testng.reporters.JUnitXMLReporter -->
<testsuite ignored="0" hostname="AKA" failures="0" tests="3" name="Swag Labs Login Page Test chrome" time="7.04" errors="0" timestamp="2023-12-10T14:41:57 CST">
  <testcase classname="com.qa.example.tests.LoginPageTests" name="isLogoDisplayedTest" time="0.062"/>
  <testcase classname="com.qa.example.tests.LoginPageTests" name="loginPageTittleTest" time="0.03"/>
  <testcase classname="com.qa.example.tests.LoginPageTests" name="loginTest" time="2.957"/>
</testsuite> <!-- Swag Labs Login Page Test chrome -->
